{
  "RSpec": {
    "coverage": {
      "/home/jerem/cuhk/csci3100/CUHK-Mock-Fund-League/app/helpers/application_helper.rb": {
        "lines": [
          1,
          null,
          1,
          4,
          null,
          4,
          4,
          null,
          4,
          null,
          null,
          null,
          null,
          null,
          null,
          null,
          null,
          null,
          0,
          null,
          null,
          null,
          1,
          4,
          null,
          4,
          4,
          null,
          0,
          null,
          null,
          null
        ]
      },
      "/home/jerem/cuhk/csci3100/CUHK-Mock-Fund-League/app/helpers/leaderboards_helper.rb": {
        "lines": [
          1,
          null,
          1,
          0,
          0,
          0,
          0,
          0,
          0,
          null,
          0,
          null,
          null,
          0,
          null,
          null,
          null,
          null,
          1,
          0,
          0,
          0,
          null,
          0,
          null,
          null,
          null,
          null,
          1,
          0,
          0,
          0,
          0,
          0,
          0,
          0,
          null,
          null
        ]
      },
      "/home/jerem/cuhk/csci3100/CUHK-Mock-Fund-League/app/helpers/portfolios_helper.rb": {
        "lines": [
          1,
          null
        ]
      },
      "/home/jerem/cuhk/csci3100/CUHK-Mock-Fund-League/app/helpers/trades_helper.rb": {
        "lines": [
          1,
          1,
          2,
          2,
          2,
          null,
          null,
          2,
          null,
          null,
          null,
          2,
          2,
          2,
          null,
          null,
          1,
          6,
          null,
          null,
          null,
          1,
          null,
          3,
          null,
          null,
          null,
          null,
          null,
          null,
          null,
          1,
          null,
          12,
          null,
          null,
          null,
          null,
          null,
          null,
          null,
          1,
          null,
          3,
          3,
          null,
          0,
          0,
          0,
          0,
          0,
          null,
          null,
          null,
          1,
          3,
          null,
          1,
          null,
          null,
          null,
          null,
          null,
          null,
          null,
          null,
          null,
          null,
          1,
          12,
          null,
          null,
          12,
          null,
          null,
          null,
          null,
          null,
          null,
          null,
          null,
          null,
          1,
          2,
          1,
          0,
          null,
          null,
          1,
          5,
          null,
          1,
          1,
          1,
          0,
          0,
          null,
          1,
          1,
          1,
          1,
          1,
          null,
          1,
          1,
          1,
          1,
          1,
          1,
          1,
          null,
          1,
          1,
          1,
          null,
          1,
          1,
          1,
          1,
          1,
          1,
          null,
          1,
          1,
          1,
          1,
          1,
          1,
          1,
          1,
          1,
          null,
          1,
          null,
          null,
          null,
          1,
          1,
          null,
          null,
          null,
          null,
          null,
          null,
          null,
          1,
          null,
          null,
          null,
          null,
          1,
          null,
          null,
          null,
          1,
          null,
          null,
          1,
          4,
          null,
          null
        ]
      },
      "/home/jerem/cuhk/csci3100/CUHK-Mock-Fund-League/app/jobs/leaderboard_update_job.rb": {
        "lines": [
          1,
          1,
          null,
          1,
          2,
          2,
          null,
          1,
          null,
          1,
          null,
          1,
          3,
          3,
          null,
          2,
          2,
          1,
          null,
          null,
          null,
          null
        ]
      },
      "/home/jerem/cuhk/csci3100/CUHK-Mock-Fund-League/app/jobs/application_job.rb": {
        "lines": [
          1,
          null,
          null,
          null,
          null,
          null,
          null
        ]
      },
      "/home/jerem/cuhk/csci3100/CUHK-Mock-Fund-League/app/jobs/league_expiry_reminder_job.rb": {
        "lines": [
          1,
          1,
          null,
          null,
          null,
          1,
          null,
          null,
          null,
          null,
          1,
          1,
          1,
          null,
          1,
          9,
          9,
          9,
          9,
          9,
          9,
          null,
          null,
          1,
          null,
          null,
          null,
          null,
          null,
          null,
          1,
          0,
          null,
          null,
          1,
          0,
          null,
          null,
          1,
          0,
          null,
          null,
          null,
          1,
          9,
          9,
          null,
          null,
          4,
          4,
          4,
          null,
          2,
          2,
          null,
          null,
          null,
          null,
          null,
          null,
          null,
          null,
          null,
          null,
          null,
          null,
          1,
          9,
          9,
          null,
          5,
          5,
          null,
          5,
          5,
          5,
          null,
          3,
          3,
          3,
          null,
          2,
          null,
          null,
          null,
          null,
          null,
          null,
          null,
          null,
          null,
          null,
          null,
          1,
          9,
          9,
          null,
          2,
          2,
          2,
          null,
          1,
          1,
          1,
          null,
          null,
          null,
          null,
          null,
          null,
          null,
          null,
          null,
          null,
          null,
          1,
          40,
          null,
          null,
          1,
          5,
          null,
          5,
          null,
          null,
          1,
          9,
          null,
          null,
          null,
          1,
          9,
          9,
          null,
          2,
          null,
          1,
          0,
          null,
          1,
          null,
          null,
          1,
          1,
          null,
          0,
          null,
          0,
          null,
          null,
          null,
          null,
          null,
          null,
          null,
          null,
          null,
          null,
          null,
          null,
          null,
          null,
          null,
          1,
          2,
          2,
          null,
          null,
          null,
          1,
          9,
          9,
          9,
          null,
          null,
          null,
          0,
          0,
          null,
          0,
          0,
          null,
          0,
          null,
          null,
          null,
          null,
          null,
          null,
          null,
          null,
          null,
          null,
          null,
          null,
          1,
          0,
          0,
          null,
          null,
          null,
          1,
          9,
          9,
          null,
          2,
          null,
          1,
          null,
          null,
          null,
          1,
          2,
          2,
          null,
          null,
          null,
          1,
          5,
          null,
          null,
          null,
          null,
          null,
          null,
          null,
          null,
          null,
          null,
          null,
          null,
          null,
          null
        ]
      },
      "/home/jerem/cuhk/csci3100/CUHK-Mock-Fund-League/app/jobs/market_data_refresh_all_job.rb": {
        "lines": [
          null,
          null,
          1,
          1,
          null,
          null,
          null,
          null,
          1,
          1,
          1,
          1,
          1,
          null,
          null,
          1,
          null,
          null,
          null,
          null,
          null,
          1,
          2,
          null,
          null,
          null
        ]
      },
      "/home/jerem/cuhk/csci3100/CUHK-Mock-Fund-League/app/jobs/market_data_refresh_fast_job.rb": {
        "lines": [
          1,
          1,
          null,
          null,
          1,
          1,
          null,
          null
        ]
      },
      "/home/jerem/cuhk/csci3100/CUHK-Mock-Fund-League/app/jobs/market_data_refresh_full_job.rb": {
        "lines": [
          1,
          1,
          null,
          null,
          1,
          1,
          null,
          null
        ]
      },
      "/home/jerem/cuhk/csci3100/CUHK-Mock-Fund-League/app/jobs/portfolio_valuation_job.rb": {
        "lines": [
          1,
          1,
          null,
          1,
          0,
          0,
          0,
          null,
          null
        ]
      },
      "/home/jerem/cuhk/csci3100/CUHK-Mock-Fund-League/app/jobs/solid_queue_cleanup_job.rb": {
        "lines": [
          1,
          1,
          null,
          null,
          null,
          1,
          1,
          null,
          null
        ]
      },
      "/home/jerem/cuhk/csci3100/CUHK-Mock-Fund-League/app/jobs/stock_price_update_all_job.rb": {
        "lines": [
          1,
          1,
          null,
          1,
          1,
          1,
          1,
          1,
          null,
          null
        ]
      },
      "/home/jerem/cuhk/csci3100/CUHK-Mock-Fund-League/app/jobs/stock_price_update_job.rb": {
        "lines": [
          1,
          1,
          null,
          1,
          null,
          0,
          null,
          null
        ]
      },
      "/home/jerem/cuhk/csci3100/CUHK-Mock-Fund-League/lib/api_clients/yahoo_finance_client.rb": {
        "lines": [
          1,
          1,
          null,
          1,
          1,
          1,
          null,
          1,
          2,
          2,
          null,
          null,
          null,
          1,
          2,
          null,
          2,
          2,
          2,
          2,
          null,
          2,
          2,
          null,
          2,
          2,
          null,
          2,
          1,
          1,
          null,
          1,
          1,
          null,
          1,
          null,
          2,
          null,
          null,
          null,
          null,
          null,
          null,
          null,
          null,
          1,
          1,
          null,
          null,
          1,
          null,
          1,
          2,
          2,
          2,
          2,
          null,
          2,
          2,
          null,
          2,
          null,
          2,
          null,
          1,
          1,
          null,
          1,
          null,
          1,
          null,
          1,
          null,
          null,
          null,
          null,
          null,
          null,
          null,
          0,
          0,
          null,
          null,
          null
        ]
      },
      "/home/jerem/cuhk/csci3100/CUHK-Mock-Fund-League/app/mailers/league_mailer.rb": {
        "lines": [
          1,
          1,
          0,
          0,
          0,
          null,
          null,
          null,
          1,
          3,
          3,
          null,
          null,
          null,
          null,
          null,
          null,
          1,
          2,
          2,
          2,
          null,
          null,
          null,
          null,
          null,
          1,
          null,
          null,
          1,
          5,
          5,
          5,
          5,
          5,
          null,
          5,
          5,
          5,
          null,
          null,
          5,
          5,
          null,
          null,
          1,
          5,
          null,
          null,
          5,
          null,
          null,
          2,
          2,
          null,
          2,
          null,
          null,
          null,
          2,
          null,
          2,
          null,
          null,
          1,
          2,
          null,
          null,
          null,
          null,
          null,
          null,
          2,
          null,
          null,
          null,
          null,
          null
        ]
      },
      "/home/jerem/cuhk/csci3100/CUHK-Mock-Fund-League/app/mailers/application_mailer.rb": {
        "lines": [
          1,
          1,
          1,
          null
        ]
      },
      "/home/jerem/cuhk/csci3100/CUHK-Mock-Fund-League/app/mailers/user_mailer.rb": {
        "lines": [
          1,
          1,
          1,
          1,
          null,
          null,
          1,
          1,
          1,
          1,
          null,
          1,
          null,
          null,
          1,
          1,
          1,
          1,
          null,
          1,
          null,
          null
        ]
      },
      "/home/jerem/cuhk/csci3100/CUHK-Mock-Fund-League/app/models/holding.rb": {
        "lines": [
          1,
          1,
          null
        ]
      },
      "/home/jerem/cuhk/csci3100/CUHK-Mock-Fund-League/app/models/application_record.rb": {
        "lines": [
          1,
          1,
          null
        ]
      },
      "/home/jerem/cuhk/csci3100/CUHK-Mock-Fund-League/app/models/league.rb": {
        "lines": [
          1,
          1,
          1,
          null,
          null,
          null,
          1,
          1,
          1,
          1,
          1,
          1,
          null,
          1,
          1,
          1,
          1,
          3,
          null,
          1,
          null,
          1,
          null,
          null,
          1,
          1,
          1,
          1,
          null,
          1,
          1,
          1,
          1,
          1,
          1,
          1,
          null,
          null,
          1,
          25,
          25,
          null,
          null,
          1,
          7,
          null,
          null,
          1,
          39,
          39,
          null,
          null,
          1,
          8,
          null,
          null,
          1,
          27,
          27,
          null,
          null,
          1,
          6,
          null,
          null,
          null,
          1,
          204,
          null,
          null,
          1,
          5,
          5,
          5,
          null,
          null,
          1,
          18,
          18,
          null,
          null,
          1,
          2,
          null,
          null,
          1,
          3,
          3,
          null,
          null,
          1,
          2,
          null,
          null,
          1,
          null,
          3,
          3,
          null,
          null,
          null,
          1,
          12,
          null,
          null,
          null,
          1,
          6,
          null,
          1,
          null,
          null,
          null,
          1,
          9,
          null,
          9,
          null,
          null,
          null,
          1,
          27,
          null,
          27,
          null,
          null,
          null,
          1,
          1,
          null,
          0,
          null,
          null,
          null,
          1,
          11,
          null,
          11,
          null,
          null,
          1,
          null,
          1,
          662,
          662,
          null,
          null,
          null,
          1,
          25,
          25,
          25,
          0,
          0,
          0,
          null,
          null,
          25,
          25,
          11,
          14,
          null,
          14,
          null,
          0,
          null,
          null,
          0,
          null,
          25,
          null,
          null,
          1,
          null,
          17,
          17,
          1,
          null,
          1,
          null,
          null,
          1,
          112,
          0,
          null,
          null,
          null,
          1,
          112,
          112,
          null,
          9,
          0,
          null,
          null,
          null,
          1,
          112,
          112,
          null,
          10,
          10,
          1,
          null,
          null,
          0,
          null,
          null,
          1,
          112,
          112,
          null,
          5,
          5,
          null,
          0,
          null,
          null,
          1,
          112,
          null,
          5,
          5,
          null,
          5,
          0,
          null,
          null,
          5,
          0,
          null,
          null,
          5,
          0,
          null,
          null,
          null,
          1,
          2,
          null,
          null,
          2,
          2,
          null,
          2,
          2,
          1,
          null,
          null,
          2,
          4,
          null,
          2,
          null,
          null,
          null,
          1,
          null,
          91,
          null,
          null,
          null,
          null,
          null,
          null,
          null,
          null,
          null,
          null,
          null,
          null,
          null,
          null
        ]
      },
      "/home/jerem/cuhk/csci3100/CUHK-Mock-Fund-League/app/models/concerns/searchable.rb": {
        "lines": [
          null,
          1,
          1,
          null,
          1,
          1,
          0,
          null,
          0,
          0,
          0,
          0,
          0,
          null,
          null,
          0,
          null,
          null,
          null
        ]
      },
      "/home/jerem/cuhk/csci3100/CUHK-Mock-Fund-League/app/models/message.rb": {
        "lines": [
          1,
          1,
          null,
          1,
          1,
          1,
          1,
          null,
          1,
          1,
          null,
          null,
          10,
          10,
          10,
          10,
          null,
          null,
          2,
          null,
          1,
          0,
          null,
          null,
          1,
          1,
          null,
          null,
          null,
          null,
          null,
          null,
          1,
          1,
          null,
          null,
          1,
          1,
          null,
          null,
          1,
          1,
          1,
          null,
          null,
          1,
          null,
          1,
          4,
          0,
          0,
          null,
          4,
          4,
          1,
          null,
          null,
          null,
          1,
          3,
          null,
          null,
          1,
          3,
          3,
          1,
          null,
          null,
          null,
          1,
          3,
          3,
          3,
          3,
          1,
          null,
          null,
          null
        ]
      },
      "/home/jerem/cuhk/csci3100/CUHK-Mock-Fund-League/app/models/portfolio.rb": {
        "lines": [
          1,
          1,
          1,
          1,
          1,
          1,
          null
        ]
      },
      "/home/jerem/cuhk/csci3100/CUHK-Mock-Fund-League/app/models/stock_price.rb": {
        "lines": [
          1,
          null,
          null,
          1,
          4,
          4,
          4,
          4,
          null,
          null,
          4,
          4,
          4,
          null,
          null,
          4,
          13,
          13,
          null,
          null
        ]
      },
      "/home/jerem/cuhk/csci3100/CUHK-Mock-Fund-League/app/models/trade.rb": {
        "lines": [
          1,
          1,
          null,
          null,
          1,
          1,
          null,
          10,
          null,
          1,
          1,
          1,
          null,
          1,
          1,
          1,
          1,
          1,
          1,
          null,
          null,
          null,
          1,
          8,
          8,
          8,
          null,
          8,
          1,
          null,
          null,
          null,
          1,
          25,
          null,
          null,
          1,
          3,
          null,
          null,
          1,
          3,
          null,
          null,
          null,
          null,
          1,
          2,
          null,
          2,
          2,
          null,
          1,
          1,
          null,
          1,
          null,
          1,
          0,
          null,
          null,
          1,
          1,
          null,
          null,
          null,
          1,
          null,
          0,
          null,
          null,
          1,
          null,
          1,
          11,
          null,
          null,
          null,
          1,
          10,
          null,
          9,
          9,
          null,
          null,
          1,
          10,
          null,
          1,
          1,
          1,
          1,
          null,
          null,
          0,
          0,
          0,
          null,
          null,
          null,
          9,
          0,
          0,
          null,
          null,
          null,
          9,
          null,
          2,
          null,
          null,
          null,
          null,
          null,
          null,
          1,
          6,
          6,
          null,
          6,
          5,
          1,
          0,
          null,
          null,
          6,
          null,
          5,
          5,
          0,
          null,
          null,
          5,
          null,
          null,
          null,
          1,
          6,
          6,
          6,
          6,
          6,
          6,
          null,
          6,
          4,
          4,
          4,
          4,
          null,
          4,
          4,
          4,
          4,
          null,
          4,
          4,
          4,
          null,
          2,
          2,
          null,
          2,
          2,
          2,
          2,
          null,
          2,
          2,
          0,
          null,
          2,
          null,
          2,
          null,
          null,
          null,
          6,
          6,
          6,
          null,
          null,
          1,
          15,
          15,
          15,
          null,
          15,
          10,
          10,
          10,
          10,
          null,
          1,
          1,
          null,
          null,
          5,
          5,
          1,
          1,
          null,
          null,
          null,
          13,
          null,
          null,
          null,
          1,
          21,
          null,
          null,
          1,
          3,
          3,
          3,
          null,
          0,
          null,
          null,
          1,
          25,
          null,
          null
        ]
      },
      "/home/jerem/cuhk/csci3100/CUHK-Mock-Fund-League/app/models/user.rb": {
        "lines": [
          1,
          1,
          1,
          null,
          1,
          1,
          1,
          null,
          1,
          1,
          null,
          null,
          null,
          1,
          null,
          null,
          null,
          null,
          null,
          null,
          1,
          null,
          null,
          null,
          1,
          null,
          null,
          null,
          null,
          1,
          1,
          1,
          1,
          1,
          1,
          null,
          null,
          1,
          1,
          null,
          null,
          1,
          1,
          27,
          null,
          null,
          1,
          1,
          null,
          1,
          0,
          null,
          null,
          null,
          null,
          1,
          36,
          194,
          null,
          null,
          1,
          14,
          null,
          null,
          1,
          14,
          null,
          null,
          1,
          4,
          null,
          null,
          1,
          4,
          4,
          null,
          null,
          1,
          2,
          2,
          null,
          1,
          1,
          1,
          1,
          null,
          1,
          null,
          null,
          1,
          6,
          null,
          6,
          null,
          6,
          2,
          null,
          null,
          4,
          null,
          null,
          null,
          1,
          5,
          null,
          null,
          1,
          2,
          null,
          2,
          2,
          null,
          1,
          null,
          null,
          1,
          null,
          null,
          null,
          0,
          null,
          null,
          null,
          null,
          1,
          1,
          1,
          1,
          null,
          1,
          null,
          null,
          1,
          5,
          5,
          5,
          0,
          0,
          null,
          null,
          null,
          null,
          null,
          null,
          null,
          null,
          null,
          1,
          0,
          0,
          0,
          0,
          null,
          null,
          0,
          0,
          null,
          null,
          0,
          null,
          0,
          0,
          null,
          null,
          0,
          0,
          0,
          null,
          null,
          null,
          0,
          0,
          null,
          null,
          0,
          0,
          null,
          0,
          null,
          0,
          0,
          null,
          null,
          1,
          28,
          null,
          null,
          1,
          0,
          null,
          null,
          1,
          4,
          null,
          4,
          null,
          null,
          null,
          null,
          null,
          null,
          4,
          null,
          null,
          1,
          2,
          2,
          2,
          null,
          2,
          1,
          1,
          null,
          1,
          1,
          null,
          null,
          null,
          1,
          2,
          null,
          null,
          1,
          2,
          null,
          null,
          null,
          1,
          0,
          null,
          0,
          null,
          null,
          1,
          1,
          null,
          null,
          null,
          null,
          null,
          null,
          null,
          null,
          1,
          0,
          null,
          null,
          1,
          0,
          null,
          null,
          null,
          null,
          null,
          null,
          null,
          null,
          null,
          null,
          1,
          0,
          null,
          0,
          null,
          null,
          null,
          null,
          null,
          null,
          0,
          null,
          null,
          1,
          0,
          0,
          0,
          null,
          0,
          0,
          0,
          null,
          0,
          0,
          null,
          null,
          null,
          1,
          0,
          null,
          null,
          1,
          0,
          null,
          null,
          1,
          0,
          0,
          null,
          null,
          1,
          null,
          null,
          null,
          1,
          null,
          0,
          null,
          null,
          null,
          null,
          null,
          1,
          null,
          0,
          0,
          0,
          0,
          null,
          0,
          null,
          null,
          0,
          0,
          null,
          null,
          0,
          null,
          0,
          0,
          0,
          null,
          null,
          null,
          0,
          null,
          null,
          1,
          136,
          null,
          null,
          1,
          6,
          null,
          null,
          1,
          0,
          null,
          null,
          1,
          0,
          0,
          0,
          null,
          0,
          null,
          null,
          null,
          1,
          0,
          null,
          null,
          1,
          1,
          null,
          1,
          0,
          null,
          1,
          null,
          null,
          null,
          1,
          0,
          null,
          null,
          1,
          144,
          null,
          141,
          141,
          141,
          141,
          null,
          null
        ]
      },
      "/home/jerem/cuhk/csci3100/CUHK-Mock-Fund-League/app/services/experience_award_service.rb": {
        "lines": [
          null,
          null,
          1,
          1,
          null,
          1,
          4,
          4,
          null,
          null,
          1,
          4,
          4,
          null,
          2,
          3,
          3,
          null,
          3,
          3,
          3,
          null,
          3,
          null,
          null,
          null,
          1,
          null,
          1,
          4,
          1,
          1,
          null,
          3,
          null,
          null,
          null,
          1,
          1,
          1,
          1,
          null,
          1,
          null,
          2,
          null,
          null,
          null,
          null,
          null,
          null,
          null,
          1,
          3,
          null,
          null,
          1,
          3,
          null,
          3,
          null,
          1,
          null,
          2,
          null,
          null,
          null
        ]
      },
      "/home/jerem/cuhk/csci3100/CUHK-Mock-Fund-League/app/services/leaderboard_service.rb": {
        "lines": [
          1,
          1,
          8,
          8,
          8,
          null,
          null,
          1,
          8,
          null,
          null,
          17,
          null,
          17,
          null,
          17,
          null,
          8,
          9,
          9,
          9,
          null,
          null,
          8,
          null,
          null,
          1,
          null,
          1,
          null,
          9,
          9,
          9,
          9,
          9,
          9,
          9,
          9,
          null,
          null,
          9,
          null,
          null,
          null,
          null,
          null,
          null,
          null,
          null,
          null,
          null,
          null,
          null,
          null,
          null,
          null,
          null,
          null,
          null,
          1,
          9,
          null,
          9,
          null,
          null,
          1,
          12,
          9,
          null,
          2,
          2,
          2,
          null,
          null,
          null,
          1,
          12,
          9,
          9,
          null,
          2,
          2,
          2,
          5,
          5,
          5,
          null,
          null,
          2,
          null,
          null,
          null,
          1,
          11,
          9,
          null,
          3,
          null,
          1,
          1,
          1,
          1,
          null,
          null,
          1,
          null,
          null,
          1,
          2,
          1,
          1,
          null,
          null,
          null,
          1,
          12,
          9,
          9,
          9,
          null,
          null
        ]
      },
      "/home/jerem/cuhk/csci3100/CUHK-Mock-Fund-League/app/services/league_rules_validator.rb": {
        "lines": [
          1,
          1,
          1,
          null,
          null,
          1,
          1,
          null,
          null
        ]
      },
      "/home/jerem/cuhk/csci3100/CUHK-Mock-Fund-League/app/services/market_data/refresh_symbol_service.rb": {
        "lines": [
          1,
          1,
          null,
          null,
          1,
          1,
          null,
          null,
          1,
          1,
          1,
          null,
          null,
          null,
          1,
          1,
          null,
          1,
          1,
          1,
          null,
          null,
          1,
          null,
          null,
          1,
          null,
          1,
          1,
          null,
          1,
          1,
          1,
          1,
          null,
          null,
          1,
          1,
          1,
          1,
          1,
          null,
          1,
          null,
          null,
          null,
          null,
          null,
          null,
          null,
          null,
          null,
          null,
          null,
          1,
          null,
          null,
          null,
          null,
          null,
          null,
          null,
          1,
          5,
          5,
          null,
          null,
          null
        ]
      },
      "/home/jerem/cuhk/csci3100/CUHK-Mock-Fund-League/app/services/market_data/yfinance_market_data_service.rb": {
        "lines": [
          1,
          1,
          1,
          null,
          1,
          1,
          null,
          null,
          null,
          1,
          null,
          null,
          1,
          null,
          null,
          null,
          null,
          null,
          null,
          1,
          null,
          null,
          null,
          null,
          null,
          1,
          2,
          2,
          1,
          null,
          1,
          null,
          null,
          null,
          1,
          2,
          4,
          2,
          null,
          null,
          null,
          null,
          null,
          null,
          null,
          null,
          null,
          2,
          null,
          null,
          2,
          1,
          null,
          null,
          1,
          1,
          null,
          0,
          null,
          null,
          1,
          null,
          null,
          null,
          1,
          2,
          null,
          null,
          null
        ]
      },
      "/home/jerem/cuhk/csci3100/CUHK-Mock-Fund-League/app/services/portfolio_valuation_service.rb": {
        "lines": [
          1,
          1,
          null,
          19,
          null,
          null,
          null,
          1,
          83,
          17,
          null,
          5,
          4,
          null,
          null,
          null,
          1,
          12,
          12,
          null,
          3,
          3,
          null,
          null,
          1,
          31,
          10,
          null,
          null,
          null,
          1,
          11,
          null,
          null,
          1,
          1,
          1,
          1,
          null,
          null
        ]
      },
      "/home/jerem/cuhk/csci3100/CUHK-Mock-Fund-League/app/services/stock_news_service.rb": {
        "lines": [
          1,
          1,
          null,
          1,
          null,
          null,
          null,
          null,
          null,
          1,
          1,
          1,
          1,
          null,
          1,
          5,
          5,
          null,
          null,
          1,
          3,
          null,
          null,
          null,
          null,
          1,
          3,
          3,
          2,
          null,
          2,
          null,
          2,
          2,
          1,
          null,
          null,
          1,
          1,
          null,
          null,
          1,
          null,
          1,
          0,
          0,
          null,
          null,
          null,
          null,
          null,
          null,
          0,
          0,
          0,
          0,
          0,
          null,
          null,
          null,
          1,
          1,
          13,
          13,
          13,
          null,
          null,
          13,
          null,
          null,
          null,
          null,
          null,
          null,
          null,
          null,
          1,
          15,
          14,
          null,
          1,
          null,
          null
        ]
      },
      "/home/jerem/cuhk/csci3100/CUHK-Mock-Fund-League/app/services/stock_price_service.rb": {
        "lines": [
          1,
          1,
          9,
          null,
          null,
          1,
          2,
          2,
          null,
          null,
          2,
          null,
          null,
          1,
          6,
          6,
          null,
          null,
          5,
          5,
          null,
          null,
          null,
          5,
          1,
          null,
          4,
          null,
          null,
          5,
          null,
          null,
          4,
          null,
          null,
          null,
          null,
          null,
          null,
          1,
          1,
          null,
          null,
          null,
          1,
          1,
          null,
          null,
          null,
          1,
          1,
          1,
          null,
          1,
          2,
          2,
          1,
          1,
          null,
          1,
          null,
          2,
          null,
          null,
          1,
          null,
          null,
          1,
          null,
          null,
          1,
          5,
          null,
          null,
          null,
          null,
          1,
          4,
          null,
          null,
          1,
          9,
          4,
          4,
          null,
          2,
          2,
          null,
          null,
          1,
          4,
          null,
          3,
          null,
          null,
          1,
          null,
          1,
          null,
          null,
          null,
          null,
          null
        ]
      },
      "/home/jerem/cuhk/csci3100/CUHK-Mock-Fund-League/app/services/team_leaderboard_service.rb": {
        "lines": [
          1,
          1,
          1,
          1,
          1,
          null,
          null,
          1,
          1,
          null,
          1,
          null,
          null,
          3,
          null,
          null,
          4,
          null,
          4,
          null,
          null,
          4,
          null,
          1,
          3,
          null,
          null,
          1,
          null,
          null,
          1,
          null,
          1,
          6,
          null,
          6,
          3,
          3,
          null,
          3,
          null,
          null,
          3,
          null,
          null,
          null,
          null,
          null,
          null,
          null,
          null,
          null,
          1,
          6,
          6,
          null,
          null,
          null,
          null,
          1,
          3,
          3,
          6,
          3,
          3,
          3,
          null,
          null,
          3,
          null,
          2,
          2,
          10,
          4,
          null,
          null,
          2,
          2,
          null,
          null
        ]
      },
      "/home/jerem/cuhk/csci3100/CUHK-Mock-Fund-League/app/services/trade_execution_service.rb": {
        "lines": [
          1,
          null,
          1,
          1,
          null,
          1,
          2,
          2,
          null,
          2,
          null,
          2,
          null,
          null
        ]
      },
      "/home/jerem/cuhk/csci3100/CUHK-Mock-Fund-League/app/services/portfolio_snapshot_service.rb": {
        "lines": [
          1,
          1,
          2,
          null,
          null,
          1,
          2,
          2,
          2,
          null,
          2,
          null,
          null,
          null,
          2,
          2,
          2,
          2,
          null,
          null,
          null,
          1,
          0,
          0,
          null,
          null,
          null
        ]
      },
      "/home/jerem/cuhk/csci3100/CUHK-Mock-Fund-League/app/models/league_membership.rb": {
        "lines": [
          1,
          1,
          1,
          null,
          1,
          null,
          null,
          1,
          5,
          5,
          5,
          5,
          null,
          null,
          null,
          1,
          null,
          1,
          43,
          null,
          null
        ]
      },
      "/home/jerem/cuhk/csci3100/CUHK-Mock-Fund-League/app/services/market_data/nestak_top_30.rb": {
        "lines": [
          null,
          null,
          1,
          null,
          null,
          1,
          1,
          null,
          null,
          null,
          null,
          null,
          null,
          1,
          null,
          null,
          1,
          null,
          null,
          null,
          null,
          null,
          null,
          null,
          null,
          null,
          null,
          null,
          null,
          null,
          null,
          null,
          null,
          null,
          null,
          null,
          null,
          null,
          null,
          null,
          null,
          null,
          null,
          null,
          null,
          null,
          null,
          null,
          null,
          null
        ]
      },
      "/home/jerem/cuhk/csci3100/CUHK-Mock-Fund-League/app/models/portfolio_snapshot.rb": {
        "lines": [
          1,
          1,
          null,
          1,
          1,
          1,
          null,
          15,
          1,
          null
        ]
      },
      "/home/jerem/cuhk/csci3100/CUHK-Mock-Fund-League/app/services/league_certificate_pdf_service.rb": {
        "lines": [
          1,
          null,
          null,
          1,
          2,
          2,
          2,
          2,
          null,
          null,
          null,
          null,
          1,
          2,
          null,
          2,
          2,
          null,
          2,
          null,
          null,
          null,
          null,
          2,
          2,
          2,
          null,
          null,
          null,
          1,
          null,
          1,
          4,
          null,
          null,
          1,
          2,
          null,
          null,
          1,
          2,
          null,
          null,
          1,
          2,
          null,
          null,
          1,
          2,
          null,
          null,
          1,
          null,
          2,
          2,
          2,
          2,
          null,
          null,
          null,
          null,
          1,
          null,
          2,
          2,
          2,
          2,
          2,
          2,
          null,
          null,
          null,
          null,
          1,
          null,
          2,
          2,
          2,
          2,
          null,
          null,
          null,
          null
        ]
      },
      "/home/jerem/cuhk/csci3100/CUHK-Mock-Fund-League/app/models/friendship.rb": {
        "lines": [
          1,
          1,
          1,
          null,
          1,
          1,
          null,
          1,
          null,
          1,
          3,
          null,
          null
        ]
      },
      "/home/jerem/cuhk/csci3100/CUHK-Mock-Fund-League/app/models/team.rb": {
        "lines": [
          1,
          1,
          null,
          1,
          1,
          null,
          null,
          1,
          null,
          1,
          1,
          null,
          1,
          1,
          null,
          1,
          7,
          7,
          null,
          3,
          null,
          null,
          1,
          null,
          1,
          null,
          7,
          null,
          null,
          1,
          null,
          7,
          null,
          4,
          0,
          null,
          null,
          null
        ]
      },
      "/home/jerem/cuhk/csci3100/CUHK-Mock-Fund-League/app/models/team_membership.rb": {
        "lines": [
          1,
          1,
          1,
          1,
          null,
          1,
          1,
          null,
          1,
          1,
          1,
          null,
          1,
          null,
          1,
          null,
          7,
          null,
          null,
          1,
          7,
          null,
          null,
          1,
          7,
          null,
          7,
          null,
          null,
          1,
          7,
          null,
          7,
          null,
          null
        ]
      },
      "/home/jerem/cuhk/csci3100/CUHK-Mock-Fund-League/app/models/stock_candle.rb": {
        "lines": [
          1,
          null,
          null,
          1,
          null,
          1,
          1,
          1,
          null,
          14,
          10,
          14,
          null,
          1,
          null
        ]
      },
      "/home/jerem/cuhk/csci3100/CUHK-Mock-Fund-League/app/models/friend_request.rb": {
        "lines": [
          1,
          1,
          1,
          null,
          1,
          1,
          1,
          1,
          null,
          27,
          null,
          1,
          0,
          0,
          0,
          0,
          null,
          null,
          null,
          1,
          0,
          null,
          null,
          1,
          null,
          1,
          0,
          null,
          null,
          1,
          0,
          0,
          null,
          null,
          null
        ]
      },
      "/home/jerem/cuhk/csci3100/CUHK-Mock-Fund-League/app/models/concerns/tradeable.rb": {
        "lines": [
          0,
          0,
          0
        ],
        "branches": {}
      },
      "/home/jerem/cuhk/csci3100/CUHK-Mock-Fund-League/app/models/concerns/validatable.rb": {
        "lines": [
          0,
          0,
          0
        ],
        "branches": {}
      },
      "/home/jerem/cuhk/csci3100/CUHK-Mock-Fund-League/app/models/user_identity.rb": {
        "lines": [
          0,
          0,
          null,
          0,
          0,
          0,
          0,
          0
        ],
        "branches": {}
      },
      "/home/jerem/cuhk/csci3100/CUHK-Mock-Fund-League/lib/api_clients/alpha_vantage_client.rb": {
        "lines": [
          0,
          0,
          0,
          null,
          0,
          0,
          0,
          0
        ],
        "branches": {}
      }
    },
    "timestamp": 1776181702
  }
}
